<?xml version="1.0" encoding="UTF-8"?>
<!-- Generated by org.testng.reporters.JUnitXMLReporter -->
<testsuite hostname="DESKTOP-1SF9GD8" ignored="0" name="Test" tests="4" failures="0" timestamp="22 Nov 2018 05:41:04 GMT" time="0.053" errors="0">
  <testcase name="TestMethod1" time="0.016" classname="BeforeClassTest.Test1"/>
  <testcase name="TestMethod1" time="0.0" classname="BeforeClassTest.Test2"/>
  <testcase name="TestMethod2" time="0.0" classname="BeforeClassTest.Test1"/>
  <testcase name="TestMethod2" time="0.0" classname="BeforeClassTest.Test2"/>
</testsuite> <!-- Test -->
